<?xml version="1.0" encoding="UTF-8"?>
<coverage generated="1532641180481" clover="3.2.0">
  <project timestamp="1532641180481" name="All files">
    <metrics statements="23" coveredstatements="12" conditionals="4" coveredconditionals="2" methods="8" coveredmethods="2" elements="35" coveredelements="16" complexity="0" loc="23" ncloc="23" packages="3" files="3" classes="3">
      <package name="src.components.PokemonList">
        <metrics statements="13" coveredstatements="6" conditionals="4" coveredconditionals="2" methods="5" coveredmethods="2"/>
        <file name="PokemonList.js" path="/Users/nonate/tw-projects/pokemon-testing/src/components/PokemonList/PokemonList.js">
          <metrics statements="13" coveredstatements="6" conditionals="4" coveredconditionals="2" methods="5" coveredmethods="2"/>
          <line num="5" count="1" type="stmt"/>
          <line num="10" count="1" type="stmt"/>
          <line num="12" count="1" type="stmt"/>
          <line num="16" count="0" type="stmt"/>
          <line num="17" count="0" type="stmt"/>
          <line num="18" count="0" type="stmt"/>
          <line num="19" count="0" type="stmt"/>
          <line num="21" count="0" type="stmt"/>
          <line num="22" count="0" type="stmt"/>
          <line num="30" count="1" type="stmt"/>
          <line num="31" count="1" type="cond" truecount="2" falsecount="2"/>
          <line num="32" count="0" type="stmt"/>
          <line num="34" count="1" type="stmt"/>
        </file>
      </package>
      <package name="src.components.PokemonListItem">
        <metrics statements="4" coveredstatements="0" conditionals="0" coveredconditionals="0" methods="3" coveredmethods="0"/>
        <file name="PokemonListItem.js" path="/Users/nonate/tw-projects/pokemon-testing/src/components/PokemonListItem/PokemonListItem.js">
          <metrics statements="4" coveredstatements="0" conditionals="0" coveredconditionals="0" methods="3" coveredmethods="0"/>
          <line num="7" count="0" type="stmt"/>
          <line num="9" count="0" type="stmt"/>
          <line num="13" count="0" type="stmt"/>
          <line num="17" count="0" type="stmt"/>
        </file>
      </package>
      <package name="tests">
        <metrics statements="6" coveredstatements="6" conditionals="0" coveredconditionals="0" methods="0" coveredmethods="0"/>
        <file name="setup.js" path="/Users/nonate/tw-projects/pokemon-testing/tests/setup.js">
          <metrics statements="6" coveredstatements="6" conditionals="0" coveredconditionals="0" methods="0" coveredmethods="0"/>
          <line num="4" count="1" type="stmt"/>
          <line num="6" count="1" type="stmt"/>
          <line num="7" count="1" type="stmt"/>
          <line num="9" count="1" type="stmt"/>
          <line num="12" count="1" type="stmt"/>
          <line num="13" count="1" type="stmt"/>
        </file>
      </package>
    </metrics>
  </project>
</coverage>
