<?xml version="1.0" encoding="UTF-8"?>
<coverage generated="1532704434484" clover="3.2.0">
  <project timestamp="1532704434484" name="All files">
    <metrics statements="40" coveredstatements="26" conditionals="4" coveredconditionals="2" methods="19" coveredmethods="11" elements="63" coveredelements="39" complexity="0" loc="40" ncloc="40" packages="6" files="6" classes="6">
      <package name="src.components.App">
        <metrics statements="5" coveredstatements="4" conditionals="0" coveredconditionals="0" methods="3" coveredmethods="2"/>
        <file name="App.js" path="/Users/Nicolas/Projects/pokemon-testing/src/components/App/App.js">
          <metrics statements="5" coveredstatements="4" conditionals="0" coveredconditionals="0" methods="3" coveredmethods="2"/>
          <line num="8" count="2" type="stmt"/>
          <line num="10" count="2" type="stmt"/>
          <line num="11" count="2" type="stmt"/>
          <line num="15" count="0" type="stmt"/>
          <line num="19" count="2" type="stmt"/>
        </file>
      </package>
      <package name="src.components.PokemonList">
        <metrics statements="10" coveredstatements="8" conditionals="4" coveredconditionals="2" methods="5" coveredmethods="4"/>
        <file name="PokemonList.js" path="/Users/Nicolas/Projects/pokemon-testing/src/components/PokemonList/PokemonList.js">
          <metrics statements="10" coveredstatements="8" conditionals="4" coveredconditionals="2" methods="5" coveredmethods="4"/>
          <line num="6" count="2" type="stmt"/>
          <line num="11" count="1" type="stmt"/>
          <line num="13" count="1" type="stmt"/>
          <line num="17" count="1" type="stmt"/>
          <line num="18" count="1" type="stmt"/>
          <line num="20" count="1" type="stmt"/>
          <line num="21" count="0" type="stmt"/>
          <line num="29" count="2" type="cond" truecount="2" falsecount="2"/>
          <line num="30" count="0" type="stmt"/>
          <line num="33" count="2" type="stmt"/>
        </file>
      </package>
      <package name="src.components.PokemonListItem">
        <metrics statements="5" coveredstatements="3" conditionals="0" coveredconditionals="0" methods="4" coveredmethods="2"/>
        <file name="PokemonListItem.js" path="/Users/Nicolas/Projects/pokemon-testing/src/components/PokemonListItem/PokemonListItem.js">
          <metrics statements="5" coveredstatements="3" conditionals="0" coveredconditionals="0" methods="4" coveredmethods="2"/>
          <line num="7" count="1" type="stmt"/>
          <line num="9" count="1" type="stmt"/>
          <line num="13" count="0" type="stmt"/>
          <line num="15" count="0" type="stmt"/>
          <line num="21" count="1" type="stmt"/>
        </file>
      </package>
      <package name="src.components.Type">
        <metrics statements="4" coveredstatements="4" conditionals="0" coveredconditionals="0" methods="3" coveredmethods="3"/>
        <file name="Type.js" path="/Users/Nicolas/Projects/pokemon-testing/src/components/Type/Type.js">
          <metrics statements="4" coveredstatements="4" conditionals="0" coveredconditionals="0" methods="3" coveredmethods="3"/>
          <line num="6" count="2" type="stmt"/>
          <line num="8" count="2" type="stmt"/>
          <line num="12" count="1" type="stmt"/>
          <line num="16" count="2" type="stmt"/>
        </file>
      </package>
      <package name="src.components.TypeList">
        <metrics statements="10" coveredstatements="1" conditionals="0" coveredconditionals="0" methods="4" coveredmethods="0"/>
        <file name="TypeList.js" path="/Users/Nicolas/Projects/pokemon-testing/src/components/TypeList/TypeList.js">
          <metrics statements="10" coveredstatements="1" conditionals="0" coveredconditionals="0" methods="4" coveredmethods="0"/>
          <line num="7" count="1" type="stmt"/>
          <line num="12" count="0" type="stmt"/>
          <line num="14" count="0" type="stmt"/>
          <line num="15" count="0" type="stmt"/>
          <line num="16" count="0" type="stmt"/>
          <line num="17" count="0" type="stmt"/>
          <line num="20" count="0" type="stmt"/>
          <line num="24" count="0" type="stmt"/>
          <line num="25" count="0" type="stmt"/>
          <line num="29" count="0" type="stmt"/>
        </file>
      </package>
      <package name="tests">
        <metrics statements="6" coveredstatements="6" conditionals="0" coveredconditionals="0" methods="0" coveredmethods="0"/>
        <file name="setup.js" path="/Users/Nicolas/Projects/pokemon-testing/tests/setup.js">
          <metrics statements="6" coveredstatements="6" conditionals="0" coveredconditionals="0" methods="0" coveredmethods="0"/>
          <line num="4" count="4" type="stmt"/>
          <line num="6" count="4" type="stmt"/>
          <line num="7" count="4" type="stmt"/>
          <line num="9" count="4" type="stmt"/>
          <line num="12" count="4" type="stmt"/>
          <line num="13" count="4" type="stmt"/>
        </file>
      </package>
    </metrics>
  </project>
</coverage>
