{"/Users/nonate/tw-projects/pokemon-testing/src/components/PokemonList/PokemonList.js": {"path":"/Users/nonate/tw-projects/pokemon-testing/src/components/PokemonList/PokemonList.js","statementMap":{"0":{"start":{"line":5,"column":11},"end":{"line":5,"column":44}},"1":{"start":{"line":10,"column":8},"end":{"line":10,"column":20}},"2":{"start":{"line":12,"column":8},"end":{"line":12,"column":50}},"3":{"start":{"line":16,"column":8},"end":{"line":16,"column":27}},"4":{"start":{"line":17,"column":8},"end":{"line":26,"column":10}},"5":{"start":{"line":18,"column":12},"end":{"line":18,"column":33}},"6":{"start":{"line":19,"column":12},"end":{"line":19,"column":59}},"7":{"start":{"line":21,"column":12},"end":{"line":25,"column":16}},"8":{"start":{"line":22,"column":16},"end":{"line":24,"column":17}},"9":{"start":{"line":30,"column":8},"end":{"line":30,"column":38}},"10":{"start":{"line":31,"column":8},"end":{"line":32,"column":64}},"11":{"start":{"line":32,"column":12},"end":{"line":32,"column":64}},"12":{"start":{"line":34,"column":8},"end":{"line":40,"column":9}}},"fnMap":{"0":{"name":"(anonymous_0)","decl":{"start":{"line":9,"column":4},"end":{"line":9,"column":5}},"loc":{"start":{"line":9,"column":22},"end":{"line":13,"column":5}},"line":9},"1":{"name":"(anonymous_1)","decl":{"start":{"line":15,"column":4},"end":{"line":15,"column":5}},"loc":{"start":{"line":15,"column":29},"end":{"line":27,"column":5}},"line":15},"2":{"name":"(anonymous_2)","decl":{"start":{"line":17,"column":42},"end":{"line":17,"column":43}},"loc":{"start":{"line":17,"column":49},"end":{"line":26,"column":9}},"line":17},"3":{"name":"(anonymous_3)","decl":{"start":{"line":21,"column":61},"end":{"line":21,"column":62}},"loc":{"start":{"line":21,"column":71},"end":{"line":25,"column":13}},"line":21},"4":{"name":"(anonymous_4)","decl":{"start":{"line":29,"column":4},"end":{"line":29,"column":5}},"loc":{"start":{"line":29,"column":12},"end":{"line":41,"column":5}},"line":29}},"branchMap":{"0":{"loc":{"start":{"line":31,"column":8},"end":{"line":32,"column":64}},"type":"if","locations":[{"start":{"line":31,"column":8},"end":{"line":32,"column":64}},{"start":{"line":31,"column":8},"end":{"line":32,"column":64}}],"line":31},"1":{"loc":{"start":{"line":31,"column":12},"end":{"line":31,"column":84}},"type":"binary-expr","locations":[{"start":{"line":31,"column":12},"end":{"line":31,"column":45}},{"start":{"line":31,"column":49},"end":{"line":31,"column":84}}],"line":31}},"s":{"0":1,"1":1,"2":1,"3":0,"4":0,"5":0,"6":0,"7":0,"8":0,"9":1,"10":1,"11":0,"12":1},"f":{"0":1,"1":0,"2":0,"3":0,"4":1},"b":{"0":[0,1],"1":[1,0]},"_coverageSchema":"332fd63041d2c1bcb487cc26dd0d5f7d97098a6c","hash":"ba8e03d5770e079de8abddfa430b188a9023c600"}
,"/Users/nonate/tw-projects/pokemon-testing/src/components/PokemonListItem/PokemonListItem.js": {"path":"/Users/nonate/tw-projects/pokemon-testing/src/components/PokemonListItem/PokemonListItem.js","statementMap":{"0":{"start":{"line":7,"column":8},"end":{"line":7,"column":20}},"1":{"start":{"line":9,"column":8},"end":{"line":9,"column":54}},"2":{"start":{"line":13,"column":8},"end":{"line":13,"column":64}},"3":{"start":{"line":17,"column":8},"end":{"line":27,"column":9}}},"fnMap":{"0":{"name":"(anonymous_0)","decl":{"start":{"line":6,"column":4},"end":{"line":6,"column":5}},"loc":{"start":{"line":6,"column":22},"end":{"line":10,"column":5}},"line":6},"1":{"name":"(anonymous_1)","decl":{"start":{"line":12,"column":4},"end":{"line":12,"column":5}},"loc":{"start":{"line":12,"column":17},"end":{"line":14,"column":5}},"line":12},"2":{"name":"(anonymous_2)","decl":{"start":{"line":16,"column":4},"end":{"line":16,"column":5}},"loc":{"start":{"line":16,"column":12},"end":{"line":28,"column":5}},"line":16}},"branchMap":{},"s":{"0":0,"1":0,"2":0,"3":0},"f":{"0":0,"1":0,"2":0},"b":{},"_coverageSchema":"332fd63041d2c1bcb487cc26dd0d5f7d97098a6c","hash":"2142ccb50f5864f056e694d2dc5256ef6872ce4e"}
,"/Users/nonate/tw-projects/pokemon-testing/tests/setup.js": {"path":"/Users/nonate/tw-projects/pokemon-testing/tests/setup.js","statementMap":{"0":{"start":{"line":4,"column":0},"end":{"line":4,"column":45}},"1":{"start":{"line":6,"column":12},"end":{"line":6,"column":28}},"2":{"start":{"line":7,"column":18},"end":{"line":7,"column":23}},"3":{"start":{"line":9,"column":0},"end":{"line":11,"column":2}},"4":{"start":{"line":12,"column":0},"end":{"line":12,"column":36}},"5":{"start":{"line":13,"column":0},"end":{"line":13,"column":42}}},"fnMap":{},"branchMap":{},"s":{"0":1,"1":1,"2":1,"3":1,"4":1,"5":1},"f":{},"b":{},"_coverageSchema":"332fd63041d2c1bcb487cc26dd0d5f7d97098a6c","hash":"73b54be5e63686de4462823366feb92788261fc5"}
}
