TN:
SF:/Users/Nicolas/Projects/pokemon-testing/src/components/App/App.js
FN:7,(anonymous_0)
FN:14,(anonymous_1)
FN:18,(anonymous_2)
FNF:3
FNH:2
FNDA:2,(anonymous_0)
FNDA:0,(anonymous_1)
FNDA:2,(anonymous_2)
DA:8,2
DA:10,2
DA:11,2
DA:15,0
DA:19,2
LF:5
LH:4
BRF:0
BRH:0
end_of_record
TN:
SF:/Users/Nicolas/Projects/pokemon-testing/src/components/PokemonList/PokemonList.js
FN:10,(anonymous_0)
FN:16,(anonymous_1)
FN:17,(anonymous_2)
FN:20,(anonymous_3)
FN:28,(anonymous_4)
FNF:5
FNH:4
FNDA:1,(anonymous_0)
FNDA:1,(anonymous_1)
FNDA:1,(anonymous_2)
FNDA:0,(anonymous_3)
FNDA:2,(anonymous_4)
DA:6,2
DA:11,1
DA:13,1
DA:17,1
DA:18,1
DA:20,1
DA:21,0
DA:29,2
DA:30,0
DA:33,2
LF:10
LH:8
BRDA:29,0,0,0
BRDA:29,0,1,2
BRDA:29,1,0,2
BRDA:29,1,1,0
BRF:4
BRH:2
end_of_record
TN:
SF:/Users/Nicolas/Projects/pokemon-testing/src/components/PokemonListItem/PokemonListItem.js
FN:6,(anonymous_0)
FN:12,(anonymous_1)
FN:14,(anonymous_2)
FN:20,(anonymous_3)
FNF:4
FNH:2
FNDA:1,(anonymous_0)
FNDA:0,(anonymous_1)
FNDA:0,(anonymous_2)
FNDA:1,(anonymous_3)
DA:7,1
DA:9,1
DA:13,0
DA:15,0
DA:21,1
LF:5
LH:3
BRF:0
BRH:0
end_of_record
TN:
SF:/Users/Nicolas/Projects/pokemon-testing/src/components/Type/Type.js
FN:5,(anonymous_0)
FN:11,(anonymous_1)
FN:15,(anonymous_2)
FNF:3
FNH:3
FNDA:2,(anonymous_0)
FNDA:1,(anonymous_1)
FNDA:2,(anonymous_2)
DA:6,2
DA:8,2
DA:12,1
DA:16,2
LF:4
LH:4
BRF:0
BRH:0
end_of_record
TN:
SF:/Users/Nicolas/Projects/pokemon-testing/src/components/TypeList/TypeList.js
FN:11,(anonymous_0)
FN:15,(anonymous_1)
FN:23,(anonymous_2)
FN:28,(anonymous_3)
FNF:4
FNH:0
FNDA:0,(anonymous_0)
FNDA:0,(anonymous_1)
FNDA:0,(anonymous_2)
FNDA:0,(anonymous_3)
DA:7,1
DA:12,0
DA:14,0
DA:15,0
DA:16,0
DA:17,0
DA:20,0
DA:24,0
DA:25,0
DA:29,0
LF:10
LH:1
BRF:0
BRH:0
end_of_record
TN:
SF:/Users/Nicolas/Projects/pokemon-testing/tests/setup.js
FNF:0
FNH:0
DA:4,4
DA:6,4
DA:7,4
DA:9,4
DA:12,4
DA:13,4
LF:6
LH:6
BRF:0
BRH:0
end_of_record
