TN:
SF:/Users/nonate/tw-projects/pokemon-testing/src/components/PokemonList/PokemonList.js
FN:9,(anonymous_0)
FN:15,(anonymous_1)
FN:17,(anonymous_2)
FN:21,(anonymous_3)
FN:29,(anonymous_4)
FNF:5
FNH:2
FNDA:1,(anonymous_0)
FNDA:0,(anonymous_1)
FNDA:0,(anonymous_2)
FNDA:0,(anonymous_3)
FNDA:1,(anonymous_4)
DA:5,1
DA:10,1
DA:12,1
DA:16,0
DA:17,0
DA:18,0
DA:19,0
DA:21,0
DA:22,0
DA:30,1
DA:31,1
DA:32,0
DA:34,1
LF:13
LH:6
BRDA:31,0,0,0
BRDA:31,0,1,1
BRDA:31,1,0,1
BRDA:31,1,1,0
BRF:4
BRH:2
end_of_record
TN:
SF:/Users/nonate/tw-projects/pokemon-testing/src/components/PokemonListItem/PokemonListItem.js
FN:6,(anonymous_0)
FN:12,(anonymous_1)
FN:16,(anonymous_2)
FNF:3
FNH:0
FNDA:0,(anonymous_0)
FNDA:0,(anonymous_1)
FNDA:0,(anonymous_2)
DA:7,0
DA:9,0
DA:13,0
DA:17,0
LF:4
LH:0
BRF:0
BRH:0
end_of_record
TN:
SF:/Users/nonate/tw-projects/pokemon-testing/tests/setup.js
FNF:0
FNH:0
DA:4,1
DA:6,1
DA:7,1
DA:9,1
DA:12,1
DA:13,1
LF:6
LH:6
BRF:0
BRH:0
end_of_record
